<?xml version="1.0" encoding="UTF-8"?>
<!-- Generated by org.testng.reporters.JUnitReportReporter -->
<testsuite hostname="Kunal" failures="0" tests="3" name="test.SwagLabCheckOutTest" time="9.303" errors="0" timestamp="2025-02-19T07:42:35 IST" skipped="0">
  <testcase classname="test.SwagLabCheckOutTest" name="verifycostCalculationOnCheckout" time="3.087"/>
  <testcase classname="test.SwagLabCheckOutTest" name="checkIfUserIsAbleToPlaceOrder" time="3.090"/>
  <testcase classname="test.SwagLabCheckOutTest" name="checkUserGoToHomePageAfterClickingBackToHome" time="3.126"/>
</testsuite> <!-- test.SwagLabCheckOutTest -->
