<?xml version="1.0" encoding="UTF-8"?>
<!-- Generated by org.testng.reporters.JUnitReportReporter -->
<testsuite hostname="Kunal" failures="0" tests="1" name="test.SwagLabHomeTest" time="14.377" errors="0" timestamp="2025-02-19T08:19:47 IST" skipped="0">
  <testcase classname="test.SwagLabHomeTest" name="CheckTheCorrectProductAddedInCartOrNot" time="14.377"/>
</testsuite> <!-- test.SwagLabHomeTest -->
