<?xml version="1.0" encoding="UTF-8"?>
<!-- Generated by org.testng.reporters.JUnitReportReporter -->
<testsuite hostname="Kunal" failures="0" tests="1" name="test.SwagLabLogoutTest" time="2.597" errors="0" timestamp="2025-02-19T07:42:35 IST" skipped="0">
  <testcase classname="test.SwagLabLogoutTest" name="UserIsAbleToLogout" time="2.597"/>
</testsuite> <!-- test.SwagLabLogoutTest -->
